<?xml version="1.0" encoding="UTF-8"?>
<!-- Generated by org.testng.reporters.JUnitXMLReporter -->
<testsuite hostname="LAPTOP-UMKGSRG3" ignored="0" name="noCommerce Tests" tests="2" failures="2" timestamp="2022-07-10T18:45:17 IST" time="33.999" errors="0">
  <testcase name="test_Registration" time="19.948" classname="testCases.TC_001_Registration">
    <failure type="java.lang.AssertionError" message="null">
      <![CDATA[java.lang.AssertionError: null
at testCases.TC_001_Registration.test_Registration(TC_001_Registration.java:49)
at java.util.ArrayList.forEach(ArrayList.java:1257)
... Removed 33 stack frames]]>
    </failure>
  </testcase> <!-- test_Registration -->
  <testcase name="test_Login" time="9.425" classname="testCases.TC_002_Login">
    <failure type="java.lang.AssertionError" message="null">
      <![CDATA[java.lang.AssertionError: null
at testCases.TC_002_Login.test_Login(TC_002_Login.java:46)
at java.util.ArrayList.forEach(ArrayList.java:1257)
... Removed 33 stack frames]]>
    </failure>
  </testcase> <!-- test_Login -->
</testsuite> <!-- noCommerce Tests -->
