<?xml version="1.0" encoding="UTF-8"?>
<!-- Generated by org.testng.reporters.JUnitXMLReporter -->
<testsuite hostname="LAPTOP-UMKGSRG3" ignored="0" name="noCommerce Tests" tests="2" failures="1" timestamp="2022-07-10T11:36:32 IST" time="52.314" errors="0">
  <testcase name="test_Registration" time="22.518" classname="testCases.TC_001_Registration"/>
  <testcase name="test_Login" time="23.656" classname="testCases.TC_002_Login">
    <failure type="java.lang.AssertionError" message="null">
      <![CDATA[java.lang.AssertionError: null
at testCases.TC_002_Login.test_Login(TC_002_Login.java:46)
at java.util.ArrayList.forEach(ArrayList.java:1257)
... Removed 33 stack frames]]>
    </failure>
  </testcase> <!-- test_Login -->
</testsuite> <!-- noCommerce Tests -->
