<?xml version="1.0" encoding="UTF-8"?>
<testng-results skipped="0" failed="0" ignored="0" total="2" passed="2">
  <reporter-output>
  </reporter-output>
  <suite name="noCommerce Test Suite" duration-ms="17355" started-at="2022-07-02T08:31:41 IST" finished-at="2022-07-02T08:31:58 IST">
    <groups>
      <group name="regression">
        <method signature="TC_001_Registration.test_Registration()[pri:0, instance:testCases.TC_001_Registration@4fb64261]" name="test_Registration" class="testCases.TC_001_Registration"/>
      </group> <!-- regression -->
      <group name="sanity">
        <method signature="TC_002_Login.test_Login()[pri:0, instance:testCases.TC_002_Login@544a2ea6]" name="test_Login" class="testCases.TC_002_Login"/>
      </group> <!-- sanity -->
      <group name="master">
        <method signature="TC_001_Registration.test_Registration()[pri:0, instance:testCases.TC_001_Registration@4fb64261]" name="test_Registration" class="testCases.TC_001_Registration"/>
        <method signature="TC_002_Login.test_Login()[pri:0, instance:testCases.TC_002_Login@544a2ea6]" name="test_Login" class="testCases.TC_002_Login"/>
      </group> <!-- master -->
    </groups>
    <test name="noCommerce Tests" duration-ms="17355" started-at="2022-07-02T08:31:41 IST" finished-at="2022-07-02T08:31:58 IST">
      <class name="testCases.TC_001_Registration">
        <test-method status="PASS" signature="setup(java.lang.String)[pri:0, instance:testCases.TC_001_Registration@4fb64261]" name="setup" is-config="true" duration-ms="2838" started-at="2022-07-02T08:31:41 IST" finished-at="2022-07-02T08:31:44 IST">
          <params>
            <param index="0">
              <value>
                <![CDATA[chrome]]>
              </value>
            </param>
          </params>
          <reporter-output>
          </reporter-output>
        </test-method> <!-- setup -->
        <test-method status="PASS" signature="test_Registration()[pri:0, instance:testCases.TC_001_Registration@4fb64261]" name="test_Registration" duration-ms="5366" started-at="2022-07-02T08:31:44 IST" finished-at="2022-07-02T08:31:49 IST">
          <reporter-output>
          </reporter-output>
        </test-method> <!-- test_Registration -->
      </class> <!-- testCases.TC_001_Registration -->
      <class name="testCases.TC_002_Login">
        <test-method status="PASS" signature="setup(java.lang.String)[pri:0, instance:testCases.TC_002_Login@544a2ea6]" name="setup" is-config="true" duration-ms="1217" started-at="2022-07-02T08:31:49 IST" finished-at="2022-07-02T08:31:50 IST">
          <params>
            <param index="0">
              <value>
                <![CDATA[chrome]]>
              </value>
            </param>
          </params>
          <reporter-output>
          </reporter-output>
        </test-method> <!-- setup -->
        <test-method status="PASS" signature="test_Login()[pri:0, instance:testCases.TC_002_Login@544a2ea6]" name="test_Login" duration-ms="7756" started-at="2022-07-02T08:31:50 IST" finished-at="2022-07-02T08:31:58 IST">
          <reporter-output>
          </reporter-output>
        </test-method> <!-- test_Login -->
      </class> <!-- testCases.TC_002_Login -->
    </test> <!-- noCommerce Tests -->
  </suite> <!-- noCommerce Test Suite -->
</testng-results>
