<?xml version="1.0" encoding="UTF-8"?>
<testng-results ignored="0" total="1" passed="1" failed="0" skipped="0">
  <reporter-output>
  </reporter-output>
  <suite started-at="2022-06-30T08:35:41 IST" name="Failed suite [noCommerce Test Suite]" finished-at="2022-06-30T08:35:51 IST" duration-ms="10416">
    <groups>
      <group name="sanity">
        <method signature="TC_002_Login.test_Login()[pri:0, instance:testCases.TC_002_Login@7e5afaa6]" name="test_Login" class="testCases.TC_002_Login"/>
      </group> <!-- sanity -->
      <group name="master">
        <method signature="TC_002_Login.test_Login()[pri:0, instance:testCases.TC_002_Login@7e5afaa6]" name="test_Login" class="testCases.TC_002_Login"/>
      </group> <!-- master -->
    </groups>
    <test started-at="2022-06-30T08:35:41 IST" name="noCommerce Tests(failed)" finished-at="2022-06-30T08:35:51 IST" duration-ms="10416">
      <class name="testCases.TC_002_Login">
        <test-method is-config="true" signature="setup(java.lang.String)[pri:0, instance:testCases.TC_002_Login@7e5afaa6]" started-at="2022-06-30T08:35:41 IST" name="setup" finished-at="2022-06-30T08:35:43 IST" duration-ms="2283" status="PASS">
          <params>
            <param index="0">
              <value>
                <![CDATA[chrome]]>
              </value>
            </param>
          </params>
          <reporter-output>
          </reporter-output>
        </test-method> <!-- setup -->
        <test-method signature="test_Login()[pri:0, instance:testCases.TC_002_Login@7e5afaa6]" started-at="2022-06-30T08:35:43 IST" name="test_Login" finished-at="2022-06-30T08:35:51 IST" duration-ms="7877" status="PASS">
          <reporter-output>
          </reporter-output>
        </test-method> <!-- test_Login -->
      </class> <!-- testCases.TC_002_Login -->
    </test> <!-- noCommerce Tests(failed) -->
  </suite> <!-- Failed suite [noCommerce Test Suite] -->
</testng-results>
